<?xml version="1.0" encoding="UTF-8"?>
<!-- Generated by org.testng.reporters.JUnitReportReporter -->
<testsuite hostname="Teams-MacBook-Pro.local" name="com.project.jenkins.JenkinsDemo" tests="1" failures="0" timestamp="8 Feb 2016 07:14:19 GMT" time="0.007" errors="0">
  <testcase name="sampleJenkin" time="0.007" classname="com.project.jenkins.JenkinsDemo"/>
</testsuite> <!-- com.project.jenkins.JenkinsDemo -->
